TRAINING PHASE
Train Epoch: 999	Train loss: 408.4846801538253	Validation Loss : 259.90619220978965
Train Epoch: 1999	Train loss: 51.12428691394162	Validation Loss : 56.69582991327504
Train Epoch: 2999	Train loss: 48.374646187294275	Validation Loss : 61.879916757759545
Train Epoch: 3999	Train loss: 47.45352698164061	Validation Loss : 60.96441787918861
Train Epoch: 4999	Train loss: 46.47344711665064	Validation Loss : 59.93773328225124
Train Epoch: 5999	Train loss: 45.43662841273472	Validation Loss : 58.81779593034911
Train Epoch: 6999	Train loss: 44.34814337776042	Validation Loss : 57.605330196395364
Train Epoch: 7999	Train loss: 43.21498095165007	Validation Loss : 56.30707962944334
Train Epoch: 8999	Train loss: 42.04625179236755	Validation Loss : 54.930891786948976
Train Epoch: 9999	Train loss: 40.85294408840127	Validation Loss : 53.487622614418164
Train Epoch: 10999	Train loss: 39.64716419833712	Validation Loss : 51.99837378775699
Train Epoch: 11999	Train loss: 38.442812324920666	Validation Loss : 50.485032587601765
Train Epoch: 12999	Train loss: 37.254787440318616	Validation Loss : 48.973889692639666
Train Epoch: 13999	Train loss: 36.098329979367556	Validation Loss : 47.4917353090938
Train Epoch: 14999	Train loss: 34.98892200831324	Validation Loss : 46.06641148164942
Train Epoch: 15999	Train loss: 33.940555824991314	Validation Loss : 44.7248698347677
Train Epoch: 16999	Train loss: 32.96532480167225	Validation Loss : 43.487855232404975
Train Epoch: 17999	Train loss: 32.07186849676073	Validation Loss : 42.372690964985324
Train Epoch: 18999	Train loss: 31.264587984234094	Validation Loss : 41.3879222091786
Train Epoch: 19999	Train loss: 30.54349887818098	Validation Loss : 40.536286798432315
Train Epoch: 20999	Train loss: 29.904788255412132	Validation Loss : 39.812271148425495
Train Epoch: 21999	Train loss: 29.342083315458147	Validation Loss : 39.20760422061041
Train Epoch: 22999	Train loss: 28.84634515242651	Validation Loss : 38.70923589415887
Train Epoch: 23999	Train loss: 28.408554209489374	Validation Loss : 38.303490490539275
Train Epoch: 24999	Train loss: 28.019613305851816	Validation Loss : 37.975978089585375
Train Epoch: 25999	Train loss: 27.67125860033557	Validation Loss : 37.71347694965834
Train Epoch: 26999	Train loss: 27.355978401005267	Validation Loss : 37.50203417946786
Train Epoch: 27999	Train loss: 27.06752982400358	Validation Loss : 37.332317533606926
Train Epoch: 28999	Train loss: 26.801734513882547	Validation Loss : 37.19684248583546
Train Epoch: 29999	Train loss: 26.555174159817398	Validation Loss : 37.08844814378072
Train Epoch: 30999	Train loss: 26.325248289294542	Validation Loss : 37.00247407964018
Train Epoch: 31999	Train loss: 26.110037585906685	Validation Loss : 36.934328176671684
Train Epoch: 32999	Train loss: 25.907707004155963	Validation Loss : 36.880978092096676
Train Epoch: 33999	Train loss: 25.717223723605276	Validation Loss : 36.83965513119849
Train Epoch: 34999	Train loss: 25.53691747104749	Validation Loss : 36.80821369422981
Train Epoch: 35999	Train loss: 25.366493400838227	Validation Loss : 36.78364004298553
Train Epoch: 36999	Train loss: 25.205138029437514	Validation Loss : 36.76606145085143
Train Epoch: 37999	Train loss: 25.051805753074586	Validation Loss : 36.75430714735768
Train Epoch: 38999	Train loss: 24.906149692088366	Validation Loss : 36.74669311587307
Train Epoch: 39999	Train loss: 24.767197132948787	Validation Loss : 36.74320396694805
Train Epoch: 40999	Train loss: 24.634208940714597	Validation Loss : 36.74313932700668
Train Epoch: 41999	Train loss: 24.50687612099573	Validation Loss : 36.74557104609362
Train Epoch: 42999	Train loss: 24.384676880389453	Validation Loss : 36.75119901595127
Train Epoch: 43999	Train loss: 24.267301487177612	Validation Loss : 36.75918943764971
Train Epoch: 44999	Train loss: 24.15455908756703	Validation Loss : 36.768960046539895
Train Epoch: 45999	Train loss: 24.046004402264952	Validation Loss : 36.78127084396687
Train Epoch: 46999	Train loss: 23.941419620346277	Validation Loss : 36.79597144562399
Train Epoch: 47999	Train loss: 23.84037844296545	Validation Loss : 36.81297372562367
Train Epoch: 48999	Train loss: 23.74292268194258	Validation Loss : 36.83227065990046
Train Epoch: 49999	Train loss: 23.64880132768303	Validation Loss : 36.85355903503357
Train Epoch: 50999	Train loss: 23.55776078812778	Validation Loss : 36.877117354636745
Train Epoch: 51999	Train loss: 23.46921947672963	Validation Loss : 36.90347495677495
Train Epoch: 52999	Train loss: 23.38324176315218	Validation Loss : 36.93218849832834
Train Epoch: 53999	Train loss: 23.29989062072709	Validation Loss : 36.96333490344616
Train Epoch: 54999	Train loss: 23.21893371650949	Validation Loss : 36.997206242571146
Train Epoch: 55999	Train loss: 23.140232199244203	Validation Loss : 37.03353942570194
Train Epoch: 56999	Train loss: 23.063673532102257	Validation Loss : 37.07307461777992
Train Epoch: 57999	Train loss: 22.989101928658783	Validation Loss : 37.11589159345922
Train Epoch: 58999	Train loss: 22.916432861983775	Validation Loss : 37.16174251714983
Train Epoch: 59999	Train loss: 22.845502614043653	Validation Loss : 37.21051979329442
Train Epoch: 60999	Train loss: 22.77631759531796	Validation Loss : 37.262135208967315
Train Epoch: 61999	Train loss: 22.70896314671263	Validation Loss : 37.316587790178204
Train Epoch: 62999	Train loss: 22.64321743687615	Validation Loss : 37.374247740190185
Train Epoch: 63999	Train loss: 22.578973560221492	Validation Loss : 37.43516927968564
Train Epoch: 64999	Train loss: 22.51627096971497	Validation Loss : 37.49933913180614
Train Epoch: 65999	Train loss: 22.455004571564494	Validation Loss : 37.56721445539044
Train Epoch: 66999	Train loss: 22.395128080435097	Validation Loss : 37.63786945179623
Train Epoch: 67999	Train loss: 22.3366026728414	Validation Loss : 37.71144448840488
Train Epoch: 68999	Train loss: 22.279414183553307	Validation Loss : 37.78805283145093
Train Epoch: 69999	Train loss: 22.223771812207996	Validation Loss : 37.867568338698845
Train Epoch: 70999	Train loss: 22.169608162436635	Validation Loss : 37.94986336001947
Train Epoch: 71999	Train loss: 22.116915837395936	Validation Loss : 38.03510253513033
Train Epoch: 72999	Train loss: 22.06565153673291	Validation Loss : 38.12321185559344
Train Epoch: 73999	Train loss: 22.01578264469281	Validation Loss : 38.21451390501247
Train Epoch: 74999	Train loss: 21.967485670233145	Validation Loss : 38.30716696773839
Train Epoch: 75999	Train loss: 21.920730884978546	Validation Loss : 38.40185882482891
Train Epoch: 76999	Train loss: 21.87538997461088	Validation Loss : 38.49871958885993
Train Epoch: 77999	Train loss: 21.83141938652843	Validation Loss : 38.597617040117164
Train Epoch: 78999	Train loss: 21.78866231101565	Validation Loss : 38.69881216602995
Train Epoch: 79999	Train loss: 21.747212306875735	Validation Loss : 38.80206594491397
Test of the model
/home/cheurte/Documents/data/output/fc2_2/model_fc2_1.pt
<bound method Module.parameters of LinearModel(
  (fc1): Linear(in_features=2, out_features=10, bias=True)
  (fc2): Linear(in_features=10, out_features=20, bias=True)
  (fc3): Linear(in_features=20, out_features=10, bias=True)
  (fc_out): Linear(in_features=10, out_features=1, bias=True)
)>
MSE : 2.7359466552734375	MSE to beat : 2.8002202243573144
MAE : 1.538626790046692	MAE to beat : 1.550368748633552
time taken : 3109.4178051948547
