TRAINING PHASE
Train Epoch: 999	Train loss: 88.16305891313823	Validation Loss : 55.539764689021744
Train Epoch: 1999	Train loss: 57.58297814661637	Validation Loss : 69.1099234095891
Train Epoch: 2999	Train loss: 57.18417421285994	Validation Loss : 69.31264196286699
Train Epoch: 3999	Train loss: 56.60778447822668	Validation Loss : 68.73865664570833
Train Epoch: 4999	Train loss: 55.764021331910044	Validation Loss : 67.85952859472637
Train Epoch: 5999	Train loss: 54.53904337761924	Validation Loss : 66.5558404632935
Train Epoch: 6999	Train loss: 52.77756401523948	Validation Loss : 64.65640493116817
Train Epoch: 7999	Train loss: 50.29140520840883	Validation Loss : 61.963064640999825
Train Epoch: 8999	Train loss: 46.90324006031733	Validation Loss : 58.31893417212104
Train Epoch: 9999	Train loss: 42.56862193020061	Validation Loss : 53.758156739879226
Train Epoch: 10999	Train loss: 37.61052489106078	Validation Loss : 48.769962899777994
Train Epoch: 11999	Train loss: 32.91670702898409	Validation Loss : 44.42503095359543
Train Epoch: 12999	Train loss: 29.54815628787037	Validation Loss : 41.78435981210861
Train Epoch: 13999	Train loss: 27.665594051009975	Validation Loss : 40.8141677433934
Train Epoch: 14999	Train loss: 26.567895987071097	Validation Loss : 40.68049297150308
Train Epoch: 15999	Train loss: 25.732589130522683	Validation Loss : 40.81416575996545
Train Epoch: 16999	Train loss: 24.9922627878841	Validation Loss : 41.01586080551023
Train Epoch: 17999	Train loss: 24.311244539101608	Validation Loss : 41.22686183676281
Train Epoch: 18999	Train loss: 23.68642837111838	Validation Loss : 41.42877520706607
Train Epoch: 19999	Train loss: 23.12295448081568	Validation Loss : 41.6156285724031
Train Epoch: 20999	Train loss: 22.626628972007893	Validation Loss : 41.78598991366512
Train Epoch: 21999	Train loss: 22.199770069681108	Validation Loss : 41.93959208460825
Train Epoch: 22999	Train loss: 21.838774682139046	Validation Loss : 42.076296704857675
Train Epoch: 23999	Train loss: 21.534892553812824	Validation Loss : 42.1962110743276
Train Epoch: 24999	Train loss: 21.276697402470745	Validation Loss : 42.2997033964408
Train Epoch: 25999	Train loss: 21.052796139148995	Validation Loss : 42.38772606852312
Train Epoch: 26999	Train loss: 20.853754563839175	Validation Loss : 42.46174422274777
Train Epoch: 27999	Train loss: 20.672681881580502	Validation Loss : 42.52345598679308
Train Epoch: 28999	Train loss: 20.50485864386428	Validation Loss : 42.574615835290345
Train Epoch: 29999	Train loss: 20.34730362391565	Validation Loss : 42.616844673890405
Train Epoch: 30999	Train loss: 20.19822838541586	Validation Loss : 42.65148359823431
Train Epoch: 31999	Train loss: 20.056715359794907	Validation Loss : 42.67959854160622
Train Epoch: 32999	Train loss: 19.922145424992777	Validation Loss : 42.702205421778025
Train Epoch: 33999	Train loss: 19.794335246202536	Validation Loss : 42.720126360507756
Train Epoch: 34999	Train loss: 19.67301862651948	Validation Loss : 42.733951957185745
Train Epoch: 35999	Train loss: 19.55816529528238	Validation Loss : 42.74427374932554
Train Epoch: 36999	Train loss: 19.44955499144271	Validation Loss : 42.75146102038179
Train Epoch: 37999	Train loss: 19.347044721827842	Validation Loss : 42.755923730295585
Train Epoch: 38999	Train loss: 19.25032574380748	Validation Loss : 42.7580870320974
Train Epoch: 39999	Train loss: 19.159048900706694	Validation Loss : 42.75815201672987
Train Epoch: 40999	Train loss: 19.072990530752577	Validation Loss : 42.756378653050334
Train Epoch: 41999	Train loss: 18.99162639817223	Validation Loss : 42.7529976181727
Train Epoch: 42999	Train loss: 18.914781280676834	Validation Loss : 42.74823695229755
Train Epoch: 43999	Train loss: 18.841901950654574	Validation Loss : 42.742156186674684
Train Epoch: 44999	Train loss: 18.77271190029569	Validation Loss : 42.73487490347103
Train Epoch: 45999	Train loss: 18.707060630782507	Validation Loss : 42.726691500936205
Train Epoch: 46999	Train loss: 18.644452132750303	Validation Loss : 42.7177711354292
Train Epoch: 47999	Train loss: 18.5846466521034	Validation Loss : 42.708340236585904
Train Epoch: 48999	Train loss: 18.527464171871543	Validation Loss : 42.698445946729876
Train Epoch: 49999	Train loss: 18.47264770278707	Validation Loss : 42.68820651070699
Train Epoch: 50999	Train loss: 18.41997296595946	Validation Loss : 42.677898629114296
Train Epoch: 51999	Train loss: 18.36934521328658	Validation Loss : 42.667347304319385
Train Epoch: 52999	Train loss: 18.320457098307088	Validation Loss : 42.656900614289015
Train Epoch: 53999	Train loss: 18.2732497836696	Validation Loss : 42.64681857467302
Train Epoch: 54999	Train loss: 18.227645958424546	Validation Loss : 42.637084240540595
Train Epoch: 55999	Train loss: 18.183388091856614	Validation Loss : 42.627660940447086
Train Epoch: 56999	Train loss: 18.140393594745547	Validation Loss : 42.61880618501451
Train Epoch: 57999	Train loss: 18.09861717489548	Validation Loss : 42.61063786587748
Train Epoch: 58999	Train loss: 18.05784127046354	Validation Loss : 42.60297438161961
Train Epoch: 59999	Train loss: 18.01809288817458	Validation Loss : 42.59615922853436
Train Epoch: 60999	Train loss: 17.979350297828205	Validation Loss : 42.59019255307265
Train Epoch: 61999	Train loss: 17.941541736829095	Validation Loss : 42.58499320469906
Train Epoch: 62999	Train loss: 17.904531657579355	Validation Loss : 42.580750101869704
Train Epoch: 63999	Train loss: 17.86820401903242	Validation Loss : 42.57764175667784
Train Epoch: 64999	Train loss: 17.832585688563995	Validation Loss : 42.57555677555812
Train Epoch: 65999	Train loss: 17.79764166579116	Validation Loss : 42.57459917213466
Train Epoch: 66999	Train loss: 17.76332699903287	Validation Loss : 42.57473974119004
Train Epoch: 67999	Train loss: 17.72967102751136	Validation Loss : 42.576006960485564
Train Epoch: 68999	Train loss: 17.696615475113504	Validation Loss : 42.57849205385252
Train Epoch: 69999	Train loss: 17.664057161309756	Validation Loss : 42.58201713971589
Train Epoch: 70999	Train loss: 17.63202327757608	Validation Loss : 42.586653567844394
Train Epoch: 71999	Train loss: 17.60051653534174	Validation Loss : 42.592497618806945
Train Epoch: 72999	Train loss: 17.569486547843553	Validation Loss : 42.599603965182865
Train Epoch: 73999	Train loss: 17.538913288270123	Validation Loss : 42.60773065563084
Train Epoch: 74999	Train loss: 17.508845817414112	Validation Loss : 42.61686353967358
Train Epoch: 75999	Train loss: 17.479226422379725	Validation Loss : 42.62723043966137
Train Epoch: 76999	Train loss: 17.4499657881679	Validation Loss : 42.63877975959003
Train Epoch: 77999	Train loss: 17.42103316343855	Validation Loss : 42.65150188611855
Train Epoch: 78999	Train loss: 17.3924446455203	Validation Loss : 42.66543807069826
Train Epoch: 79999	Train loss: 17.36423341569025	Validation Loss : 42.68054187216033
Test of the model
/home/cheurte/Documents/data/output/fcc5_1/model_fcc5.pt
<bound method Module.parameters of LinearModel(
  (fc1): Linear(in_features=7, out_features=10, bias=True)
  (fc2): Linear(in_features=10, out_features=20, bias=True)
  (fc3): Linear(in_features=20, out_features=20, bias=True)
  (fc4): Linear(in_features=20, out_features=10, bias=True)
  (fc_out): Linear(in_features=10, out_features=1, bias=True)
)>
MSE : 2.6405019760131836	MSE to beat : 2.5921116068626815
MAE : 1.4765233993530273	MAE to beat : 1.472120994471873
time taken : 3324.5993177890778
