TRAINING PHASE
Train Epoch: 999	Train loss: 82.78085246945265	Validation Loss : 62.54960554562046
Train Epoch: 1999	Train loss: 50.86975351460278	Validation Loss : 63.30494130159442
Train Epoch: 2999	Train loss: 50.83074381230399	Validation Loss : 63.285067362278106
Train Epoch: 3999	Train loss: 50.77465884299018	Validation Loss : 63.238690055969194
Train Epoch: 4999	Train loss: 50.686261342512445	Validation Loss : 63.15965892917187
Train Epoch: 5999	Train loss: 50.541503441333774	Validation Loss : 63.02426734823759
Train Epoch: 6999	Train loss: 50.300567275611684	Validation Loss : 62.7932217006773
Train Epoch: 7999	Train loss: 49.894997604936364	Validation Loss : 62.3968264070086
Train Epoch: 8999	Train loss: 49.2069380230736	Validation Loss : 61.710909255838104
Train Epoch: 9999	Train loss: 48.038820545794444	Validation Loss : 60.53013700174511
Train Epoch: 10999	Train loss: 46.086970685468984	Validation Loss : 58.553404852237065
Train Epoch: 11999	Train loss: 42.97339888960123	Validation Loss : 55.44238387759297
Train Epoch: 12999	Train loss: 38.45825781915337	Validation Loss : 51.07642447328471
Train Epoch: 13999	Train loss: 32.93459798367694	Validation Loss : 46.03196345293381
Train Epoch: 14999	Train loss: 27.79036093587056	Validation Loss : 41.757896016425256
Train Epoch: 15999	Train loss: 24.461912372149527	Validation Loss : 39.44012302339114
Train Epoch: 16999	Train loss: 22.89761286871508	Validation Loss : 38.71746781523717
Train Epoch: 17999	Train loss: 22.217236436810346	Validation Loss : 38.63473860691815
Train Epoch: 18999	Train loss: 21.885969374747948	Validation Loss : 38.70863267107588
Train Epoch: 19999	Train loss: 21.70373255056329	Validation Loss : 38.80176973255469
Train Epoch: 20999	Train loss: 21.59337455271743	Validation Loss : 38.88477181002772
Train Epoch: 21999	Train loss: 21.520518510742114	Validation Loss : 38.954592805874675
Train Epoch: 22999	Train loss: 21.468358474038542	Validation Loss : 39.01343876909461
Train Epoch: 23999	Train loss: 21.428082321723924	Validation Loss : 39.06378124853999
Train Epoch: 24999	Train loss: 21.394866597326473	Validation Loss : 39.1074980446888
Train Epoch: 25999	Train loss: 21.365937897423283	Validation Loss : 39.14623187956558
Train Epoch: 26999	Train loss: 21.339678582036868	Validation Loss : 39.180870213961356
Train Epoch: 27999	Train loss: 21.315139500657097	Validation Loss : 39.212471723380744
Train Epoch: 28999	Train loss: 21.29172773519531	Validation Loss : 39.2415616770507
Train Epoch: 29999	Train loss: 21.26906750635244	Validation Loss : 39.26872328581981
Train Epoch: 30999	Train loss: 21.246944273542614	Validation Loss : 39.294212318216616
Train Epoch: 31999	Train loss: 21.225174317136407	Validation Loss : 39.31856283296924
Train Epoch: 32999	Train loss: 21.203681530384348	Validation Loss : 39.341892208055995
Train Epoch: 33999	Train loss: 21.182459525577723	Validation Loss : 39.36414919089925
Train Epoch: 34999	Train loss: 21.161454766336828	Validation Loss : 39.385767684428416
Train Epoch: 35999	Train loss: 21.140636951616035	Validation Loss : 39.40688369131959
Train Epoch: 36999	Train loss: 21.1200269700028	Validation Loss : 39.427440814076505
Train Epoch: 37999	Train loss: 21.09960991810076	Validation Loss : 39.44739023671412
Train Epoch: 38999	Train loss: 21.079393321136013	Validation Loss : 39.46705883496447
Train Epoch: 39999	Train loss: 21.059372928692028	Validation Loss : 39.48640342021501
Train Epoch: 40999	Train loss: 21.03953636614606	Validation Loss : 39.505423402517124
Train Epoch: 41999	Train loss: 21.01990373665467	Validation Loss : 39.524092918828835
Train Epoch: 42999	Train loss: 21.000466937199235	Validation Loss : 39.54248809943257
Train Epoch: 43999	Train loss: 20.981229389226066	Validation Loss : 39.56063209574686
Train Epoch: 44999	Train loss: 20.962184654455633	Validation Loss : 39.57860923932228
Train Epoch: 45999	Train loss: 20.943348075356333	Validation Loss : 39.59644970316712
Train Epoch: 46999	Train loss: 20.92473981799558	Validation Loss : 39.61399196387356
Train Epoch: 47999	Train loss: 20.9063538569957	Validation Loss : 39.63133387404454
Train Epoch: 48999	Train loss: 20.888164761755615	Validation Loss : 39.64841017812605
Train Epoch: 49999	Train loss: 20.87019278020598	Validation Loss : 39.66543561194464
Train Epoch: 50999	Train loss: 20.85244978745468	Validation Loss : 39.682348586194884
Train Epoch: 51999	Train loss: 20.83493333980441	Validation Loss : 39.69907728763026
Train Epoch: 52999	Train loss: 20.817650246992706	Validation Loss : 39.71568381838379
Train Epoch: 53999	Train loss: 20.800604587839917	Validation Loss : 39.73212405850561
Train Epoch: 54999	Train loss: 20.783814693102613	Validation Loss : 39.748337575170716
Train Epoch: 55999	Train loss: 20.767274567112327	Validation Loss : 39.76434794669876
Train Epoch: 56999	Train loss: 20.751007925858723	Validation Loss : 39.78040701055062
Train Epoch: 57999	Train loss: 20.734998689126222	Validation Loss : 39.79640064241635
Train Epoch: 58999	Train loss: 20.71925669373013	Validation Loss : 39.81227532322277
Train Epoch: 59999	Train loss: 20.703769939858468	Validation Loss : 39.82802206378217
Train Epoch: 60999	Train loss: 20.688535998528824	Validation Loss : 39.8436688233421
Train Epoch: 61999	Train loss: 20.673561092000455	Validation Loss : 39.859230469694204
Train Epoch: 62999	Train loss: 20.65884590530768	Validation Loss : 39.87476508285305
Train Epoch: 63999	Train loss: 20.644381781388073	Validation Loss : 39.890273260632966
Train Epoch: 64999	Train loss: 20.63017081692815	Validation Loss : 39.90548818026122
Train Epoch: 65999	Train loss: 20.616211950965226	Validation Loss : 39.92060885096826
Train Epoch: 66999	Train loss: 20.602509911404923	Validation Loss : 39.93552366583318
Train Epoch: 67999	Train loss: 20.58906225785613	Validation Loss : 39.95041941554073
Train Epoch: 68999	Train loss: 20.575859678909183	Validation Loss : 39.965295637945594
Train Epoch: 69999	Train loss: 20.56292926776223	Validation Loss : 39.97989097867111
Train Epoch: 70999	Train loss: 20.55024646287784	Validation Loss : 39.994412633382126
Train Epoch: 71999	Train loss: 20.53781108218245	Validation Loss : 40.008906107055644
Train Epoch: 72999	Train loss: 20.525622358033434	Validation Loss : 40.02339721601785
Train Epoch: 73999	Train loss: 20.513677470013498	Validation Loss : 40.03778068073174
Train Epoch: 74999	Train loss: 20.501955714495853	Validation Loss : 40.05208470896818
Train Epoch: 75999	Train loss: 20.49046035297215	Validation Loss : 40.066345411029225
Train Epoch: 76999	Train loss: 20.47920154221356	Validation Loss : 40.080584766024195
Train Epoch: 77999	Train loss: 20.468163076555356	Validation Loss : 40.094734776867064
Train Epoch: 78999	Train loss: 20.457343104621394	Validation Loss : 40.10868846826509
Train Epoch: 79999	Train loss: 20.446737910667434	Validation Loss : 40.12242046481233
Test of the model
/home/cheurte/Documents/data/output/fc4/model_fc4.pt
<bound method Module.parameters of linearModel(
  (fc1): Linear(in_features=2, out_features=20, bias=True)
  (fc2): Linear(in_features=20, out_features=20, bias=True)
  (fc3): Linear(in_features=20, out_features=20, bias=True)
  (fc4): Linear(in_features=20, out_features=20, bias=True)
  (fc5): Linear(in_features=20, out_features=20, bias=True)
  (fc_out): Linear(in_features=20, out_features=1, bias=True)
)>
MSE : 2.7804806232452393	MSE to beat : 2.8002202243573144
MAE : 1.5539315938949585	MAE to beat : 1.550368748633552
time taken : 3506.4618604183197
