TRAINING PHASE
['YI']
['YI']
['YI']
['YI']
['YI']
['YI']
['YI']
['YI']
['YI']
['YI']
['YI']
['YI']
['YI']
['YI']
['YI']
['YI']
['YI']
['YI']
['YI']
['YI']
['YI']
['YI']
['YI']
['YI']
['YI']
['YI']
['YI']
['YI']
['YI']
['YI']
['YI']
['YI']
['YI']
['YI']
['YI']
['YI']
['YI']
['YI']
['YI']
['YI']
['YI']
['YI']
['YI']
['YI']
['YI']
['YI']
['YI']
['YI']
['YI']
Train Epoch: 999	Train loss: 58.61939784013666	Validation Loss : 66.61369385477988
['YI']
['YI']
['YI']
['YI']
['YI']
['YI']
['YI']
['YI']
['YI']
['YI']
['YI']
['YI']
['YI']
['YI']
['YI']
['YI']
['YI']
['YI']
['YI']
['YI']
['YI']
['YI']
['YI']
['YI']
['YI']
['YI']
['YI']
['YI']
['YI']
['YI']
['YI']
['YI']
['YI']
['YI']
['YI']
['YI']
['YI']
['YI']
['YI']
['YI']
['YI']
['YI']
['YI']
['YI']
['YI']
['YI']
['YI']
['YI']
['YI']
['YI']
Train Epoch: 1999	Train loss: 35.07961802975333	Validation Loss : 104.58032324037708
['YI']
['YI']
['YI']
['YI']
['YI']
['YI']
['YI']
['YI']
['YI']
['YI']
['YI']
['YI']
['YI']
['YI']
['YI']
['YI']
['YI']
['YI']
['YI']
['YI']
['YI']
['YI']
['YI']
['YI']
['YI']
['YI']
['YI']
['YI']
['YI']
['YI']
['YI']
['YI']
['YI']
['YI']
['YI']
['YI']
['YI']
['YI']
['YI']
['YI']
['YI']
['YI']
['YI']
['YI']
['YI']
['YI']
['YI']
['YI']
['YI']
['YI']
Train Epoch: 2999	Train loss: 31.3487231684383	Validation Loss : 131.60111558276193
['YI']
['YI']
['YI']
['YI']
['YI']
['YI']
['YI']
['YI']
['YI']
['YI']
['YI']
['YI']
['YI']
['YI']
['YI']
['YI']
['YI']
['YI']
['YI']
['YI']
['YI']
['YI']
['YI']
['YI']
['YI']
['YI']
['YI']
['YI']
['YI']
['YI']
['YI']
['YI']
['YI']
['YI']
['YI']
['YI']
['YI']
['YI']
['YI']
['YI']
['YI']
['YI']
['YI']
['YI']
['YI']
['YI']
['YI']
['YI']
['YI']
['YI']
Train Epoch: 3999	Train loss: 30.620982750167606	Validation Loss : 136.75617675604676
['YI']
['YI']
['YI']
['YI']
['YI']
['YI']
['YI']
['YI']
['YI']
['YI']
['YI']
['YI']
['YI']
['YI']
['YI']
['YI']
['YI']
['YI']
['YI']
['YI']
['YI']
['YI']
['YI']
['YI']
['YI']
['YI']
['YI']
['YI']
['YI']
['YI']
['YI']
['YI']
['YI']
['YI']
['YI']
['YI']
['YI']
['YI']
['YI']
['YI']
['YI']
['YI']
['YI']
['YI']
['YI']
['YI']
['YI']
['YI']
['YI']
['YI']
Train Epoch: 4999	Train loss: 30.33506020468194	Validation Loss : 139.87424130955176
['YI']
['YI']
['YI']
['YI']
['YI']
['YI']
['YI']
['YI']
['YI']
['YI']
['YI']
['YI']
['YI']
['YI']
['YI']
['YI']
['YI']
['YI']
['YI']
['YI']
['YI']
['YI']
['YI']
['YI']
['YI']
['YI']
['YI']
['YI']
['YI']
['YI']
['YI']
['YI']
['YI']
['YI']
['YI']
['YI']
['YI']
['YI']
['YI']
['YI']
['YI']
['YI']
['YI']
['YI']
['YI']
['YI']
['YI']
['YI']
['YI']
['YI']
Train Epoch: 5999	Train loss: 30.0890338327823	Validation Loss : 141.96427886565124
['YI']
['YI']
['YI']
['YI']
['YI']
['YI']
['YI']
['YI']
['YI']
['YI']
['YI']
['YI']
['YI']
['YI']
['YI']
['YI']
['YI']
['YI']
['YI']
['YI']
['YI']
['YI']
['YI']
['YI']
['YI']
['YI']
['YI']
['YI']
['YI']
['YI']
['YI']
['YI']
['YI']
['YI']
['YI']
['YI']
['YI']
['YI']
['YI']
['YI']
['YI']
['YI']
['YI']
['YI']
['YI']
['YI']
['YI']
['YI']
['YI']
['YI']
Train Epoch: 6999	Train loss: 30.02318682030891	Validation Loss : 143.42656746074462
['YI']
['YI']
['YI']
['YI']
['YI']
['YI']
['YI']
['YI']
['YI']
['YI']
['YI']
['YI']
['YI']
['YI']
['YI']
['YI']
['YI']
['YI']
['YI']
['YI']
['YI']
['YI']
['YI']
['YI']
['YI']
['YI']
['YI']
['YI']
['YI']
['YI']
['YI']
['YI']
['YI']
['YI']
['YI']
['YI']
['YI']
['YI']
['YI']
['YI']
['YI']
['YI']
['YI']
['YI']
['YI']
['YI']
['YI']
['YI']
['YI']
['YI']
Train Epoch: 7999	Train loss: 29.935411545285024	Validation Loss : 144.68251717314126
['YI']
['YI']
['YI']
['YI']
['YI']
['YI']
['YI']
['YI']
['YI']
['YI']
['YI']
['YI']
['YI']
['YI']
['YI']
['YI']
['YI']
['YI']
['YI']
['YI']
['YI']
['YI']
['YI']
['YI']
['YI']
['YI']
['YI']
['YI']
['YI']
['YI']
['YI']
['YI']
['YI']
['YI']
['YI']
['YI']
['YI']
['YI']
['YI']
['YI']
['YI']
['YI']
['YI']
['YI']
['YI']
['YI']
['YI']
['YI']
['YI']
['YI']
Train Epoch: 8999	Train loss: 29.77579688722035	Validation Loss : 145.70842693758414
['YI']
['YI']
['YI']
['YI']
['YI']
['YI']
['YI']
['YI']
['YI']
['YI']
['YI']
['YI']
['YI']
['YI']
['YI']
['YI']
['YI']
['YI']
['YI']
['YI']
['YI']
['YI']
['YI']
['YI']
['YI']
['YI']
['YI']
['YI']
['YI']
['YI']
['YI']
['YI']
['YI']
['YI']
['YI']
['YI']
['YI']
['YI']
['YI']
['YI']
['YI']
['YI']
['YI']
['YI']
['YI']
['YI']
['YI']
['YI']
['YI']
['YI']
Train Epoch: 9999	Train loss: 29.81496544262627	Validation Loss : 146.19461858726203
['YI']
['YI']
['YI']
['YI']
['YI']
['YI']
['YI']
['YI']
['YI']
['YI']
['YI']
['YI']
['YI']
['YI']
['YI']
['YI']
['YI']
['YI']
['YI']
['YI']
['YI']
['YI']
['YI']
['YI']
['YI']
['YI']
['YI']
['YI']
['YI']
['YI']
['YI']
['YI']
['YI']
['YI']
['YI']
['YI']
['YI']
['YI']
['YI']
['YI']
['YI']
['YI']
['YI']
['YI']
['YI']
['YI']
['YI']
['YI']
['YI']
['YI']
Train Epoch: 10999	Train loss: 29.748922205029523	Validation Loss : 146.48831149108932
['YI']
['YI']
['YI']
['YI']
['YI']
['YI']
['YI']
['YI']
['YI']
['YI']
['YI']
['YI']
['YI']
['YI']
['YI']
['YI']
['YI']
['YI']
['YI']
['YI']
['YI']
['YI']
['YI']
['YI']
['YI']
['YI']
['YI']
['YI']
['YI']
['YI']
['YI']
['YI']
['YI']
['YI']
['YI']
['YI']
['YI']
['YI']
['YI']
['YI']
['YI']
['YI']
['YI']
['YI']
['YI']
['YI']
['YI']
['YI']
['YI']
['YI']
Train Epoch: 11999	Train loss: 29.75940633166465	Validation Loss : 146.6917933500186
['YI']
['YI']
['YI']
['YI']
['YI']
['YI']
['YI']
['YI']
['YI']
['YI']
['YI']
['YI']
['YI']
['YI']
['YI']
['YI']
['YI']
['YI']
['YI']
['YI']
['YI']
['YI']
['YI']
['YI']
['YI']
['YI']
['YI']
['YI']
['YI']
['YI']
['YI']
['YI']
['YI']
['YI']
['YI']
['YI']
['YI']
['YI']
['YI']
['YI']
['YI']
['YI']
['YI']
['YI']
['YI']
['YI']
['YI']
['YI']
['YI']
['YI']
Train Epoch: 12999	Train loss: 29.78626454331097	Validation Loss : 146.70732816105092
['YI']
['YI']
['YI']
['YI']
['YI']
['YI']
['YI']
['YI']
['YI']
['YI']
['YI']
['YI']
['YI']
['YI']
['YI']
['YI']
['YI']
['YI']
['YI']
['YI']
['YI']
['YI']
['YI']
['YI']
['YI']
['YI']
['YI']
['YI']
['YI']
['YI']
['YI']
['YI']
['YI']
['YI']
['YI']
['YI']
['YI']
['YI']
['YI']
['YI']
['YI']
['YI']
['YI']
['YI']
['YI']
['YI']
['YI']
['YI']
['YI']
['YI']
Train Epoch: 13999	Train loss: 29.75079772348108	Validation Loss : 147.0246865463656
['YI']
['YI']
['YI']
['YI']
['YI']
['YI']
['YI']
['YI']
['YI']
['YI']
['YI']
['YI']
['YI']
['YI']
['YI']
['YI']
['YI']
['YI']
['YI']
['YI']
['YI']
['YI']
['YI']
['YI']
['YI']
['YI']
['YI']
['YI']
['YI']
['YI']
['YI']
['YI']
['YI']
['YI']
['YI']
['YI']
['YI']
['YI']
['YI']
['YI']
['YI']
['YI']
['YI']
['YI']
['YI']
['YI']
['YI']
['YI']
['YI']
['YI']
Train Epoch: 14999	Train loss: 29.813658291182946	Validation Loss : 147.04764037156502
['YI']
['YI']
['YI']
['YI']
['YI']
['YI']
['YI']
['YI']
['YI']
['YI']
['YI']
['YI']
['YI']
['YI']
['YI']
['YI']
['YI']
['YI']
['YI']
['YI']
['YI']
['YI']
['YI']
['YI']
['YI']
['YI']
['YI']
['YI']
['YI']
['YI']
['YI']
['YI']
['YI']
['YI']
['YI']
['YI']
['YI']
['YI']
['YI']
['YI']
['YI']
['YI']
['YI']
['YI']
['YI']
['YI']
['YI']
['YI']
['YI']
['YI']
Train Epoch: 15999	Train loss: 29.802250667044426	Validation Loss : 147.05643921978998
['YI']
['YI']
['YI']
['YI']
['YI']
['YI']
['YI']
['YI']
['YI']
['YI']
['YI']
['YI']
['YI']
['YI']
['YI']
['YI']
['YI']
['YI']
['YI']
['YI']
['YI']
['YI']
['YI']
['YI']
['YI']
['YI']
['YI']
['YI']
['YI']
['YI']
['YI']
['YI']
['YI']
['YI']
['YI']
['YI']
['YI']
['YI']
['YI']
['YI']
['YI']
['YI']
['YI']
['YI']
['YI']
['YI']
['YI']
['YI']
['YI']
['YI']
Train Epoch: 16999	Train loss: 29.78099841918447	Validation Loss : 147.65821474198356
['YI']
['YI']
['YI']
['YI']
['YI']
['YI']
['YI']
['YI']
['YI']
['YI']
['YI']
['YI']
['YI']
['YI']
['YI']
['YI']
['YI']
['YI']
['YI']
['YI']
['YI']
['YI']
['YI']
['YI']
['YI']
['YI']
['YI']
['YI']
['YI']
['YI']
['YI']
['YI']
['YI']
['YI']
['YI']
['YI']
['YI']
['YI']
['YI']
['YI']
['YI']
['YI']
['YI']
['YI']
['YI']
['YI']
['YI']
['YI']
['YI']
['YI']
Train Epoch: 17999	Train loss: 29.75424619030091	Validation Loss : 147.3958712557032
['YI']
['YI']
['YI']
['YI']
['YI']
['YI']
['YI']
['YI']
['YI']
['YI']
['YI']
['YI']
['YI']
['YI']
['YI']
['YI']
['YI']
['YI']
['YI']
['YI']
['YI']
['YI']
['YI']
['YI']
['YI']
['YI']
['YI']
['YI']
['YI']
['YI']
['YI']
['YI']
['YI']
['YI']
['YI']
['YI']
['YI']
['YI']
['YI']
['YI']
['YI']
['YI']
['YI']
['YI']
['YI']
['YI']
['YI']
['YI']
['YI']
['YI']
Train Epoch: 18999	Train loss: 29.76184823170188	Validation Loss : 147.72426124894437
['YI']
['YI']
['YI']
['YI']
['YI']
['YI']
['YI']
['YI']
['YI']
['YI']
['YI']
['YI']
['YI']
['YI']
['YI']
['YI']
['YI']
['YI']
['YI']
['YI']
['YI']
['YI']
['YI']
['YI']
['YI']
['YI']
['YI']
['YI']
['YI']
['YI']
['YI']
['YI']
['YI']
['YI']
['YI']
['YI']
['YI']
['YI']
['YI']
['YI']
['YI']
['YI']
['YI']
['YI']
['YI']
['YI']
['YI']
['YI']
['YI']
['YI']
Train Epoch: 19999	Train loss: 29.810657563904535	Validation Loss : 147.78621181991326
['YI']
['YI']
['YI']
['YI']
['YI']
['YI']
['YI']
['YI']
['YI']
['YI']
['YI']
['YI']
['YI']
['YI']
['YI']
['YI']
['YI']
['YI']
['YI']
['YI']
['YI']
['YI']
['YI']
['YI']
['YI']
['YI']
['YI']
['YI']
['YI']
['YI']
['YI']
['YI']
['YI']
['YI']
['YI']
['YI']
['YI']
['YI']
['YI']
['YI']
['YI']
['YI']
['YI']
['YI']
['YI']
['YI']
['YI']
['YI']
['YI']
['YI']
Train Epoch: 20999	Train loss: 29.787722093227785	Validation Loss : 147.56405394661238
['YI']
['YI']
['YI']
['YI']
['YI']
['YI']
['YI']
['YI']
['YI']
['YI']
['YI']
['YI']
['YI']
['YI']
['YI']
['YI']
['YI']
['YI']
['YI']
['YI']
['YI']
['YI']
['YI']
['YI']
['YI']
['YI']
['YI']
['YI']
['YI']
['YI']
['YI']
['YI']
['YI']
['YI']
['YI']
['YI']
['YI']
['YI']
['YI']
['YI']
['YI']
['YI']
['YI']
['YI']
['YI']
['YI']
['YI']
['YI']
['YI']
['YI']
Train Epoch: 21999	Train loss: 29.867004207940774	Validation Loss : 147.67963415882787
['YI']
['YI']
['YI']
['YI']
['YI']
['YI']
['YI']
['YI']
['YI']
['YI']
['YI']
['YI']
['YI']
['YI']
['YI']
['YI']
['YI']
['YI']
['YI']
['YI']
['YI']
['YI']
['YI']
['YI']
['YI']
['YI']
['YI']
['YI']
['YI']
['YI']
['YI']
['YI']
['YI']
['YI']
['YI']
['YI']
['YI']
['YI']
['YI']
['YI']
['YI']
['YI']
['YI']
['YI']
['YI']
['YI']
['YI']
['YI']
['YI']
['YI']
Train Epoch: 22999	Train loss: 29.788682912685907	Validation Loss : 147.93144123413396
['YI']
['YI']
['YI']
['YI']
['YI']
['YI']
['YI']
['YI']
['YI']
['YI']
['YI']
['YI']
['YI']
['YI']
['YI']
['YI']
['YI']
['YI']
['YI']
['YI']
['YI']
['YI']
['YI']
['YI']
['YI']
['YI']
['YI']
['YI']
['YI']
['YI']
['YI']
['YI']
['YI']
['YI']
['YI']
['YI']
['YI']
['YI']
['YI']
['YI']
['YI']
['YI']
['YI']
['YI']
['YI']
['YI']
['YI']
['YI']
['YI']
['YI']
Train Epoch: 23999	Train loss: 29.811046268988868	Validation Loss : 147.92139441513945
['YI']
['YI']
['YI']
['YI']
['YI']
['YI']
['YI']
['YI']
['YI']
['YI']
['YI']
['YI']
['YI']
['YI']
['YI']
['YI']
['YI']
['YI']
['YI']
['YI']
['YI']
['YI']
['YI']
['YI']
['YI']
['YI']
['YI']
['YI']
['YI']
['YI']
['YI']
['YI']
['YI']
['YI']
['YI']
['YI']
['YI']
['YI']
['YI']
['YI']
['YI']
['YI']
['YI']
['YI']
['YI']
['YI']
['YI']
['YI']
['YI']
['YI']
Train Epoch: 24999	Train loss: 29.764602038485464	Validation Loss : 147.77402366795513
['YI']
['YI']
['YI']
['YI']
['YI']
['YI']
['YI']
['YI']
['YI']
['YI']
['YI']
['YI']
['YI']
['YI']
['YI']
['YI']
['YI']
['YI']
['YI']
['YI']
['YI']
['YI']
['YI']
['YI']
['YI']
['YI']
['YI']
['YI']
['YI']
['YI']
['YI']
['YI']
['YI']
['YI']
['YI']
['YI']
['YI']
['YI']
['YI']
['YI']
['YI']
['YI']
['YI']
['YI']
['YI']
['YI']
['YI']
['YI']
['YI']
['YI']
Train Epoch: 25999	Train loss: 29.82733932422125	Validation Loss : 147.83301076592002
['YI']
['YI']
['YI']
['YI']
['YI']
['YI']
['YI']
['YI']
['YI']
['YI']
['YI']
['YI']
['YI']
['YI']
['YI']
['YI']
['YI']
['YI']
['YI']
['YI']
['YI']
['YI']
['YI']
['YI']
['YI']
['YI']
['YI']
['YI']
['YI']
['YI']
['YI']
['YI']
['YI']
['YI']
['YI']
['YI']
['YI']
['YI']
['YI']
['YI']
['YI']
['YI']
['YI']
['YI']
['YI']
['YI']
['YI']
['YI']
['YI']
['YI']
Train Epoch: 26999	Train loss: 29.850054184708277	Validation Loss : 147.78177398386362
['YI']
['YI']
['YI']
['YI']
['YI']
['YI']
['YI']
['YI']
['YI']
['YI']
['YI']
['YI']
['YI']
['YI']
['YI']
['YI']
['YI']
['YI']
['YI']
['YI']
['YI']
['YI']
['YI']
['YI']
['YI']
['YI']
['YI']
['YI']
['YI']
['YI']
['YI']
['YI']
['YI']
['YI']
['YI']
['YI']
['YI']
['YI']
['YI']
['YI']
['YI']
['YI']
['YI']
['YI']
['YI']
['YI']
['YI']
['YI']
['YI']
['YI']
Train Epoch: 27999	Train loss: 29.840984814486	Validation Loss : 147.40111966064188
['YI']
['YI']
['YI']
['YI']
['YI']
['YI']
['YI']
['YI']
['YI']
['YI']
['YI']
['YI']
['YI']
['YI']
['YI']
['YI']
['YI']
['YI']
['YI']
['YI']
['YI']
['YI']
['YI']
['YI']
['YI']
['YI']
['YI']
['YI']
['YI']
['YI']
['YI']
['YI']
['YI']
['YI']
['YI']
['YI']
['YI']
['YI']
['YI']
['YI']
['YI']
['YI']
['YI']
['YI']
['YI']
['YI']
['YI']
['YI']
['YI']
['YI']
Train Epoch: 28999	Train loss: 29.871319759299514	Validation Loss : 147.69250972236188
['YI']
['YI']
['YI']
['YI']
['YI']
['YI']
['YI']
['YI']
['YI']
['YI']
['YI']
['YI']
['YI']
['YI']
['YI']
['YI']
['YI']
['YI']
['YI']
['YI']
['YI']
['YI']
['YI']
['YI']
['YI']
['YI']
['YI']
['YI']
['YI']
['YI']
['YI']
['YI']
['YI']
['YI']
['YI']
['YI']
['YI']
['YI']
['YI']
['YI']
['YI']
['YI']
['YI']
['YI']
['YI']
['YI']
['YI']
['YI']
['YI']
['YI']
Train Epoch: 29999	Train loss: 29.713213206024374	Validation Loss : 147.58459133247987
['YI']
['YI']
['YI']
['YI']
['YI']
['YI']
['YI']
['YI']
['YI']
['YI']
['YI']
['YI']
['YI']
['YI']
['YI']
['YI']
['YI']
['YI']
['YI']
['YI']
['YI']
['YI']
['YI']
['YI']
['YI']
['YI']
['YI']
['YI']
['YI']
['YI']
['YI']
['YI']
['YI']
['YI']
['YI']
['YI']
['YI']
['YI']
['YI']
['YI']
['YI']
['YI']
['YI']
['YI']
['YI']
['YI']
['YI']
['YI']
['YI']
['YI']
Train Epoch: 30999	Train loss: 29.787242855373187	Validation Loss : 147.57787358513772
['YI']
['YI']
['YI']
['YI']
['YI']
['YI']
['YI']
['YI']
['YI']
['YI']
['YI']
['YI']
['YI']
['YI']
['YI']
['YI']
['YI']
['YI']
['YI']
['YI']
['YI']
['YI']
['YI']
['YI']
['YI']
['YI']
['YI']
['YI']
['YI']
['YI']
['YI']
['YI']
['YI']
['YI']
['YI']
['YI']
['YI']
['YI']
['YI']
['YI']
['YI']
['YI']
['YI']
['YI']
['YI']
['YI']
['YI']
['YI']
['YI']
['YI']
Train Epoch: 31999	Train loss: 29.825417356041726	Validation Loss : 147.95880928695004
['YI']
['YI']
['YI']
['YI']
['YI']
['YI']
['YI']
['YI']
['YI']
['YI']
['YI']
['YI']
['YI']
['YI']
['YI']
['YI']
['YI']
['YI']
['YI']
['YI']
['YI']
['YI']
['YI']
['YI']
['YI']
['YI']
['YI']
['YI']
['YI']
['YI']
['YI']
['YI']
['YI']
['YI']
['YI']
['YI']
['YI']
['YI']
['YI']
['YI']
['YI']
['YI']
['YI']
['YI']
['YI']
['YI']
['YI']
['YI']
['YI']
['YI']
Train Epoch: 32999	Train loss: 29.88244196427986	Validation Loss : 147.9342539346642
['YI']
['YI']
['YI']
['YI']
['YI']
['YI']
['YI']
['YI']
['YI']
['YI']
['YI']
['YI']
['YI']
['YI']
['YI']
['YI']
['YI']
['YI']
['YI']
['YI']
['YI']
['YI']
['YI']
['YI']
['YI']
['YI']
['YI']
['YI']
['YI']
['YI']
['YI']
['YI']
['YI']
['YI']
['YI']
['YI']
['YI']
['YI']
['YI']
['YI']
['YI']
['YI']
['YI']
['YI']
['YI']
['YI']
['YI']
['YI']
['YI']
['YI']
Train Epoch: 33999	Train loss: 29.785298588848672	Validation Loss : 147.73776709379072
['YI']
['YI']
['YI']
['YI']
['YI']
['YI']
['YI']
['YI']
['YI']
['YI']
['YI']
['YI']
['YI']
['YI']
['YI']
['YI']
['YI']
['YI']
['YI']
['YI']
['YI']
['YI']
['YI']
['YI']
['YI']
['YI']
['YI']
['YI']
['YI']
['YI']
['YI']
['YI']
['YI']
['YI']
['YI']
['YI']
['YI']
['YI']
['YI']
['YI']
['YI']
['YI']
['YI']
['YI']
['YI']
['YI']
['YI']
['YI']
['YI']
['YI']
Train Epoch: 34999	Train loss: 29.860413733415772	Validation Loss : 147.96238164488605
['YI']
['YI']
['YI']
['YI']
['YI']
['YI']
['YI']
['YI']
['YI']
['YI']
['YI']
['YI']
['YI']
['YI']
['YI']
['YI']
['YI']
['YI']
['YI']
['YI']
['YI']
['YI']
['YI']
['YI']
['YI']
['YI']
['YI']
['YI']
['YI']
['YI']
['YI']
['YI']
['YI']
['YI']
['YI']
['YI']
['YI']
['YI']
['YI']
['YI']
['YI']
['YI']
['YI']
['YI']
['YI']
['YI']
['YI']
['YI']
['YI']
['YI']
Train Epoch: 35999	Train loss: 29.878578516107517	Validation Loss : 147.6094028802537
['YI']
['YI']
['YI']
['YI']
['YI']
['YI']
['YI']
['YI']
['YI']
['YI']
['YI']
['YI']
['YI']
['YI']
['YI']
['YI']
['YI']
['YI']
['YI']
['YI']
['YI']
['YI']
['YI']
['YI']
['YI']
['YI']
['YI']
['YI']
['YI']
['YI']
['YI']
['YI']
['YI']
['YI']
['YI']
['YI']
['YI']
['YI']
['YI']
['YI']
['YI']
['YI']
['YI']
['YI']
['YI']
['YI']
['YI']
['YI']
['YI']
['YI']
Train Epoch: 36999	Train loss: 29.8346187283576	Validation Loss : 147.75725712559387
['YI']
['YI']
['YI']
['YI']
['YI']
['YI']
['YI']
['YI']
['YI']
['YI']
['YI']
['YI']
['YI']
['YI']
['YI']
['YI']
['YI']
['YI']
['YI']
['YI']
['YI']
['YI']
['YI']
['YI']
['YI']
['YI']
['YI']
['YI']
['YI']
['YI']
['YI']
['YI']
['YI']
['YI']
['YI']
['YI']
['YI']
['YI']
['YI']
['YI']
['YI']
['YI']
['YI']
['YI']
['YI']
['YI']
['YI']
['YI']
['YI']
['YI']
Train Epoch: 37999	Train loss: 29.7763475170359	Validation Loss : 147.7224283437423
['YI']
['YI']
['YI']
['YI']
['YI']
['YI']
['YI']
['YI']
['YI']
['YI']
['YI']
['YI']
['YI']
['YI']
['YI']
['YI']
['YI']
['YI']
['YI']
['YI']
['YI']
['YI']
['YI']
['YI']
['YI']
['YI']
['YI']
['YI']
['YI']
['YI']
['YI']
['YI']
['YI']
['YI']
['YI']
['YI']
['YI']
['YI']
['YI']
['YI']
['YI']
['YI']
['YI']
['YI']
['YI']
['YI']
['YI']
['YI']
['YI']
['YI']
Train Epoch: 38999	Train loss: 29.73653651375207	Validation Loss : 147.6473612815975
['YI']
['YI']
['YI']
['YI']
['YI']
['YI']
['YI']
['YI']
['YI']
['YI']
['YI']
['YI']
['YI']
['YI']
['YI']
['YI']
['YI']
['YI']
['YI']
['YI']
['YI']
['YI']
['YI']
['YI']
['YI']
['YI']
['YI']
['YI']
['YI']
['YI']
['YI']
['YI']
['YI']
['YI']
['YI']
['YI']
['YI']
['YI']
['YI']
['YI']
['YI']
['YI']
['YI']
['YI']
['YI']
['YI']
['YI']
['YI']
['YI']
['YI']
Train Epoch: 39999	Train loss: 29.770911417988827	Validation Loss : 147.87623229977004
['YI']
['YI']
['YI']
['YI']
['YI']
['YI']
['YI']
['YI']
['YI']
['YI']
['YI']
['YI']
['YI']
['YI']
['YI']
['YI']
['YI']
['YI']
['YI']
['YI']
['YI']
['YI']
['YI']
['YI']
['YI']
['YI']
['YI']
['YI']
['YI']
['YI']
['YI']
['YI']
['YI']
['YI']
['YI']
['YI']
['YI']
['YI']
['YI']
['YI']
['YI']
['YI']
['YI']
['YI']
['YI']
['YI']
['YI']
['YI']
['YI']
['YI']
Train Epoch: 40999	Train loss: 29.83430776591995	Validation Loss : 147.82138082219154
['YI']
['YI']
['YI']
['YI']
['YI']
['YI']
['YI']
['YI']
['YI']
['YI']
['YI']
['YI']
['YI']
['YI']
['YI']
['YI']
['YI']
['YI']
['YI']
['YI']
['YI']
['YI']
['YI']
['YI']
['YI']
['YI']
['YI']
['YI']
['YI']
['YI']
['YI']
['YI']
['YI']
['YI']
['YI']
['YI']
['YI']
['YI']
['YI']
['YI']
['YI']
['YI']
['YI']
['YI']
['YI']
['YI']
['YI']
['YI']
['YI']
['YI']
Train Epoch: 41999	Train loss: 29.82038382451865	Validation Loss : 147.79231774637623
['YI']
['YI']
['YI']
['YI']
['YI']
['YI']
['YI']
['YI']
['YI']
['YI']
['YI']
['YI']
['YI']
['YI']
['YI']
['YI']
['YI']
['YI']
['YI']
['YI']
['YI']
['YI']
['YI']
['YI']
['YI']
['YI']
['YI']
['YI']
['YI']
['YI']
['YI']
['YI']
['YI']
['YI']
['YI']
['YI']
['YI']
['YI']
['YI']
['YI']
['YI']
['YI']
['YI']
['YI']
['YI']
['YI']
['YI']
['YI']
['YI']
['YI']
Train Epoch: 42999	Train loss: 29.84852001458639	Validation Loss : 147.87011149977084
['YI']
['YI']
['YI']
['YI']
['YI']
['YI']
['YI']
['YI']
['YI']
['YI']
['YI']
['YI']
['YI']
['YI']
['YI']
['YI']
['YI']
['YI']
['YI']
['YI']
['YI']
['YI']
['YI']
['YI']
['YI']
['YI']
['YI']
['YI']
['YI']
['YI']
['YI']
['YI']
['YI']
['YI']
['YI']
['YI']
['YI']
['YI']
['YI']
['YI']
['YI']
['YI']
['YI']
['YI']
['YI']
['YI']
['YI']
['YI']
['YI']
['YI']
Train Epoch: 43999	Train loss: 29.79246372305788	Validation Loss : 147.69668245381212
['YI']
['YI']
['YI']
['YI']
['YI']
['YI']
['YI']
['YI']
['YI']
['YI']
['YI']
['YI']
['YI']
['YI']
['YI']
['YI']
['YI']
['YI']
['YI']
['YI']
['YI']
['YI']
['YI']
['YI']
['YI']
['YI']
['YI']
['YI']
['YI']
['YI']
['YI']
['YI']
['YI']
['YI']
['YI']
['YI']
['YI']
['YI']
['YI']
['YI']
['YI']
['YI']
['YI']
['YI']
['YI']
['YI']
['YI']
['YI']
['YI']
['YI']
Train Epoch: 44999	Train loss: 29.770435141091003	Validation Loss : 147.99914638433683
['YI']
['YI']
['YI']
['YI']
['YI']
['YI']
['YI']
['YI']
['YI']
['YI']
['YI']
['YI']
['YI']
['YI']
['YI']
['YI']
['YI']
['YI']
['YI']
['YI']
['YI']
['YI']
['YI']
['YI']
['YI']
['YI']
['YI']
['YI']
['YI']
['YI']
['YI']
['YI']
['YI']
['YI']
['YI']
['YI']
['YI']
['YI']
['YI']
['YI']
['YI']
['YI']
['YI']
['YI']
['YI']
['YI']
['YI']
['YI']
['YI']
['YI']
Train Epoch: 45999	Train loss: 29.76949889792595	Validation Loss : 148.18725560990615
['YI']
['YI']
['YI']
['YI']
['YI']
['YI']
['YI']
['YI']
['YI']
['YI']
['YI']
['YI']
['YI']
['YI']
['YI']
['YI']
['YI']
['YI']
['YI']
['YI']
['YI']
['YI']
['YI']
['YI']
['YI']
['YI']
['YI']
['YI']
['YI']
['YI']
['YI']
['YI']
['YI']
['YI']
['YI']
['YI']
['YI']
['YI']
['YI']
['YI']
['YI']
['YI']
['YI']
['YI']
['YI']
['YI']
['YI']
['YI']
['YI']
['YI']
Train Epoch: 46999	Train loss: 29.820185776375002	Validation Loss : 147.81812704388273
['YI']
['YI']
['YI']
['YI']
['YI']
['YI']
['YI']
['YI']
['YI']
['YI']
['YI']
['YI']
['YI']
['YI']
['YI']
['YI']
['YI']
['YI']
['YI']
['YI']
['YI']
['YI']
['YI']
['YI']
['YI']
['YI']
['YI']
['YI']
['YI']
['YI']
['YI']
['YI']
['YI']
['YI']
['YI']
['YI']
['YI']
['YI']
['YI']
['YI']
['YI']
['YI']
['YI']
['YI']
['YI']
['YI']
['YI']
['YI']
['YI']
['YI']
Train Epoch: 47999	Train loss: 29.881757261739402	Validation Loss : 147.98403509283258
['YI']
['YI']
['YI']
['YI']
['YI']
['YI']
['YI']
['YI']
['YI']
['YI']
['YI']
['YI']
['YI']
['YI']
['YI']
['YI']
['YI']
['YI']
['YI']
['YI']
['YI']
['YI']
['YI']
['YI']
['YI']
['YI']
['YI']
['YI']
['YI']
['YI']
['YI']
['YI']
['YI']
['YI']
['YI']
['YI']
['YI']
['YI']
['YI']
['YI']
['YI']
['YI']
['YI']
['YI']
['YI']
['YI']
['YI']
['YI']
['YI']
['YI']
Train Epoch: 48999	Train loss: 29.878961607976816	Validation Loss : 147.5897274483629
['YI']
['YI']
['YI']
['YI']
['YI']
['YI']
['YI']
['YI']
['YI']
['YI']
['YI']
['YI']
['YI']
['YI']
['YI']
['YI']
['YI']
['YI']
['YI']
['YI']
['YI']
['YI']
['YI']
['YI']
['YI']
['YI']
['YI']
['YI']
['YI']
['YI']
['YI']
['YI']
['YI']
['YI']
['YI']
['YI']
['YI']
['YI']
['YI']
['YI']
['YI']
['YI']
['YI']
['YI']
['YI']
['YI']
['YI']
['YI']
['YI']
['YI']
Train Epoch: 49999	Train loss: 29.804779178497846	Validation Loss : 147.92785362731013
['YI']
['YI']
['YI']
['YI']
['YI']
['YI']
['YI']
['YI']
['YI']
['YI']
['YI']
['YI']
['YI']
['YI']
['YI']
['YI']
['YI']
['YI']
['YI']
['YI']
['YI']
['YI']
['YI']
['YI']
['YI']
['YI']
['YI']
['YI']
['YI']
['YI']
['YI']
['YI']
['YI']
['YI']
['YI']
['YI']
['YI']
['YI']
['YI']
['YI']
['YI']
['YI']
['YI']
['YI']
['YI']
['YI']
['YI']
['YI']
['YI']
['YI']
Train Epoch: 50999	Train loss: 29.7796482108708	Validation Loss : 148.02069994431335
['YI']
['YI']
['YI']
['YI']
['YI']
['YI']
['YI']
['YI']
['YI']
['YI']
['YI']
['YI']
['YI']
['YI']
['YI']
['YI']
['YI']
['YI']
['YI']
['YI']
['YI']
['YI']
['YI']
['YI']
['YI']
['YI']
['YI']
['YI']
['YI']
['YI']
['YI']
['YI']
['YI']
['YI']
['YI']
['YI']
['YI']
['YI']
['YI']
['YI']
['YI']
['YI']
['YI']
['YI']
['YI']
['YI']
['YI']
['YI']
['YI']
['YI']
Train Epoch: 51999	Train loss: 29.8847217035247	Validation Loss : 147.52270599931913
['YI']
['YI']
['YI']
['YI']
['YI']
['YI']
['YI']
['YI']
['YI']
['YI']
['YI']
['YI']
['YI']
['YI']
['YI']
['YI']
['YI']
['YI']
['YI']
['YI']
['YI']
['YI']
['YI']
['YI']
['YI']
['YI']
['YI']
['YI']
['YI']
['YI']
['YI']
['YI']
['YI']
['YI']
['YI']
['YI']
['YI']
['YI']
['YI']
['YI']
['YI']
['YI']
['YI']
['YI']
['YI']
['YI']
['YI']
['YI']
['YI']
['YI']
Train Epoch: 52999	Train loss: 29.768649005732733	Validation Loss : 147.74113380253058
['YI']
['YI']
['YI']
['YI']
['YI']
['YI']
['YI']
['YI']
['YI']
['YI']
['YI']
['YI']
['YI']
['YI']
['YI']
['YI']
['YI']
['YI']
['YI']
['YI']
['YI']
['YI']
['YI']
['YI']
['YI']
['YI']
['YI']
['YI']
['YI']
['YI']
['YI']
['YI']
['YI']
['YI']
['YI']
['YI']
['YI']
['YI']
['YI']
['YI']
['YI']
['YI']
['YI']
['YI']
['YI']
['YI']
['YI']
['YI']
['YI']
['YI']
Train Epoch: 53999	Train loss: 29.775619773875224	Validation Loss : 148.2880253828567
['YI']
['YI']
['YI']
['YI']
['YI']
['YI']
['YI']
['YI']
['YI']
['YI']
['YI']
['YI']
['YI']
['YI']
['YI']
['YI']
['YI']
['YI']
['YI']
['YI']
['YI']
['YI']
['YI']
['YI']
['YI']
['YI']
['YI']
['YI']
['YI']
['YI']
['YI']
['YI']
['YI']
['YI']
['YI']
['YI']
['YI']
['YI']
['YI']
['YI']
['YI']
['YI']
['YI']
['YI']
['YI']
['YI']
['YI']
['YI']
['YI']
['YI']
Train Epoch: 54999	Train loss: 29.77295164896641	Validation Loss : 147.9972040299533
['YI']
['YI']
['YI']
['YI']
['YI']
['YI']
['YI']
['YI']
['YI']
['YI']
['YI']
['YI']
['YI']
['YI']
['YI']
['YI']
['YI']
['YI']
['YI']
['YI']
['YI']
['YI']
['YI']
['YI']
['YI']
['YI']
['YI']
['YI']
['YI']
['YI']
['YI']
['YI']
['YI']
['YI']
['YI']
['YI']
['YI']
['YI']
['YI']
['YI']
['YI']
['YI']
['YI']
['YI']
['YI']
['YI']
['YI']
['YI']
['YI']
['YI']
Train Epoch: 55999	Train loss: 29.750260044960307	Validation Loss : 147.95483917203
['YI']
['YI']
['YI']
['YI']
['YI']
['YI']
['YI']
['YI']
['YI']
['YI']
['YI']
['YI']
['YI']
['YI']
['YI']
['YI']
['YI']
['YI']
['YI']
['YI']
['YI']
['YI']
['YI']
['YI']
['YI']
['YI']
['YI']
['YI']
['YI']
['YI']
['YI']
['YI']
['YI']
['YI']
['YI']
['YI']
['YI']
['YI']
['YI']
['YI']
['YI']
['YI']
['YI']
['YI']
['YI']
['YI']
['YI']
['YI']
['YI']
['YI']
Train Epoch: 56999	Train loss: 29.802674020186533	Validation Loss : 147.84952454045782
['YI']
['YI']
['YI']
['YI']
['YI']
['YI']
['YI']
['YI']
['YI']
['YI']
['YI']
['YI']
['YI']
['YI']
['YI']
['YI']
['YI']
['YI']
['YI']
['YI']
['YI']
['YI']
['YI']
['YI']
['YI']
['YI']
['YI']
['YI']
['YI']
['YI']
['YI']
['YI']
['YI']
['YI']
['YI']
['YI']
['YI']
['YI']
['YI']
['YI']
['YI']
['YI']
['YI']
['YI']
['YI']
['YI']
['YI']
['YI']
['YI']
['YI']
Train Epoch: 57999	Train loss: 29.723709449754097	Validation Loss : 147.8016589377187
['YI']
['YI']
['YI']
['YI']
['YI']
['YI']
['YI']
['YI']
['YI']
['YI']
['YI']
['YI']
['YI']
['YI']
['YI']
['YI']
['YI']
['YI']
['YI']
['YI']
['YI']
['YI']
['YI']
['YI']
['YI']
['YI']
['YI']
['YI']
['YI']
['YI']
['YI']
['YI']
['YI']
['YI']
['YI']
['YI']
['YI']
['YI']
['YI']
['YI']
['YI']
['YI']
['YI']
['YI']
['YI']
['YI']
['YI']
['YI']
['YI']
['YI']
Train Epoch: 58999	Train loss: 29.76174447319936	Validation Loss : 147.87226646284577
['YI']
['YI']
['YI']
['YI']
['YI']
['YI']
['YI']
['YI']
['YI']
['YI']
['YI']
['YI']
['YI']
['YI']
['YI']
['YI']
['YI']
['YI']
['YI']
['YI']
['YI']
['YI']
['YI']
['YI']
['YI']
['YI']
['YI']
['YI']
['YI']
['YI']
['YI']
['YI']
['YI']
['YI']
['YI']
['YI']
['YI']
['YI']
['YI']
['YI']
['YI']
['YI']
['YI']
['YI']
['YI']
['YI']
['YI']
['YI']
['YI']
['YI']
Train Epoch: 59999	Train loss: 29.7589108927059	Validation Loss : 147.62237122631248
['YI']
['YI']
['YI']
['YI']
['YI']
['YI']
['YI']
['YI']
['YI']
['YI']
['YI']
['YI']
['YI']
['YI']
['YI']
['YI']
['YI']
['YI']
['YI']
['YI']
['YI']
['YI']
['YI']
['YI']
['YI']
['YI']
['YI']
['YI']
['YI']
['YI']
['YI']
['YI']
['YI']
['YI']
['YI']
['YI']
['YI']
['YI']
['YI']
['YI']
['YI']
['YI']
['YI']
['YI']
['YI']
['YI']
['YI']
['YI']
['YI']
['YI']
Train Epoch: 60999	Train loss: 29.84965373351588	Validation Loss : 147.60526147870706
['YI']
['YI']
['YI']
['YI']
['YI']
['YI']
['YI']
['YI']
['YI']
['YI']
['YI']
['YI']
['YI']
['YI']
['YI']
['YI']
['YI']
['YI']
['YI']
['YI']
['YI']
['YI']
['YI']
['YI']
['YI']
['YI']
['YI']
['YI']
['YI']
['YI']
['YI']
['YI']
['YI']
['YI']
['YI']
['YI']
['YI']
['YI']
['YI']
['YI']
['YI']
['YI']
['YI']
['YI']
['YI']
['YI']
['YI']
['YI']
['YI']
['YI']
Train Epoch: 61999	Train loss: 29.866178135108203	Validation Loss : 147.89004609180964
['YI']
['YI']
['YI']
['YI']
['YI']
['YI']
['YI']
['YI']
['YI']
['YI']
['YI']
['YI']
['YI']
['YI']
['YI']
['YI']
['YI']
['YI']
['YI']
['YI']
['YI']
['YI']
['YI']
['YI']
['YI']
['YI']
['YI']
['YI']
['YI']
['YI']
['YI']
['YI']
['YI']
['YI']
['YI']
['YI']
['YI']
['YI']
['YI']
['YI']
['YI']
['YI']
['YI']
['YI']
['YI']
['YI']
['YI']
['YI']
['YI']
['YI']
Train Epoch: 62999	Train loss: 29.800353366695344	Validation Loss : 148.02791415639942
['YI']
['YI']
['YI']
['YI']
['YI']
['YI']
['YI']
['YI']
['YI']
['YI']
['YI']
['YI']
['YI']
['YI']
['YI']
['YI']
['YI']
['YI']
['YI']
['YI']
['YI']
['YI']
['YI']
['YI']
['YI']
['YI']
['YI']
['YI']
['YI']
['YI']
['YI']
['YI']
['YI']
['YI']
['YI']
['YI']
['YI']
['YI']
['YI']
['YI']
['YI']
['YI']
['YI']
['YI']
['YI']
['YI']
['YI']
['YI']
['YI']
['YI']
Train Epoch: 63999	Train loss: 29.83637348971097	Validation Loss : 148.13137797236857
['YI']
['YI']
['YI']
['YI']
['YI']
['YI']
['YI']
['YI']
['YI']
['YI']
['YI']
['YI']
['YI']
['YI']
['YI']
['YI']
['YI']
['YI']
['YI']
['YI']
['YI']
['YI']
['YI']
['YI']
['YI']
['YI']
['YI']
['YI']
['YI']
['YI']
['YI']
['YI']
['YI']
['YI']
['YI']
['YI']
['YI']
['YI']
['YI']
['YI']
['YI']
['YI']
['YI']
['YI']
['YI']
['YI']
['YI']
['YI']
['YI']
['YI']
Train Epoch: 64999	Train loss: 29.86683981868264	Validation Loss : 147.59279370040883
['YI']
['YI']
['YI']
['YI']
['YI']
['YI']
['YI']
['YI']
['YI']
['YI']
['YI']
['YI']
['YI']
['YI']
['YI']
['YI']
['YI']
['YI']
['YI']
['YI']
['YI']
['YI']
['YI']
['YI']
['YI']
['YI']
['YI']
['YI']
['YI']
['YI']
['YI']
['YI']
['YI']
['YI']
['YI']
['YI']
['YI']
['YI']
['YI']
['YI']
['YI']
['YI']
['YI']
['YI']
['YI']
['YI']
['YI']
['YI']
['YI']
['YI']
Train Epoch: 65999	Train loss: 29.760264002572512	Validation Loss : 147.87849271211982
['YI']
['YI']
['YI']
['YI']
['YI']
['YI']
['YI']
['YI']
['YI']
['YI']
['YI']
['YI']
['YI']
['YI']
['YI']
['YI']
['YI']
['YI']
['YI']
['YI']
['YI']
['YI']
['YI']
['YI']
['YI']
['YI']
['YI']
['YI']
['YI']
['YI']
['YI']
['YI']
['YI']
['YI']
['YI']
['YI']
['YI']
['YI']
['YI']
['YI']
['YI']
['YI']
['YI']
['YI']
['YI']
['YI']
['YI']
['YI']
['YI']
['YI']
Train Epoch: 66999	Train loss: 29.862082709767854	Validation Loss : 147.68282248122443
['YI']
['YI']
['YI']
['YI']
['YI']
['YI']
['YI']
['YI']
['YI']
['YI']
['YI']
['YI']
['YI']
['YI']
['YI']
['YI']
['YI']
['YI']
['YI']
['YI']
['YI']
['YI']
['YI']
['YI']
['YI']
['YI']
['YI']
['YI']
['YI']
['YI']
['YI']
['YI']
['YI']
['YI']
['YI']
['YI']
['YI']
['YI']
['YI']
['YI']
['YI']
['YI']
['YI']
['YI']
['YI']
['YI']
['YI']
['YI']
['YI']
['YI']
Train Epoch: 67999	Train loss: 29.837112375325525	Validation Loss : 148.04568544619505
['YI']
['YI']
['YI']
['YI']
['YI']
['YI']
['YI']
['YI']
['YI']
['YI']
['YI']
['YI']
['YI']
['YI']
['YI']
['YI']
['YI']
['YI']
['YI']
['YI']
['YI']
['YI']
['YI']
['YI']
['YI']
['YI']
['YI']
['YI']
['YI']
['YI']
['YI']
['YI']
['YI']
['YI']
['YI']
['YI']
['YI']
['YI']
['YI']
['YI']
['YI']
['YI']
['YI']
['YI']
['YI']
['YI']
['YI']
['YI']
['YI']
['YI']
Train Epoch: 68999	Train loss: 29.920880983618552	Validation Loss : 147.90203954668377
['YI']
['YI']
['YI']
['YI']
['YI']
['YI']
['YI']
['YI']
['YI']
['YI']
['YI']
['YI']
['YI']
['YI']
['YI']
['YI']
['YI']
['YI']
['YI']
['YI']
['YI']
['YI']
['YI']
['YI']
['YI']
['YI']
['YI']
['YI']
['YI']
['YI']
['YI']
['YI']
['YI']
['YI']
['YI']
['YI']
['YI']
['YI']
['YI']
['YI']
['YI']
['YI']
['YI']
['YI']
['YI']
['YI']
['YI']
['YI']
['YI']
['YI']
Train Epoch: 69999	Train loss: 29.720762043923607	Validation Loss : 147.59761455041834
['YI']
['YI']
['YI']
['YI']
['YI']
['YI']
['YI']
['YI']
['YI']
['YI']
['YI']
['YI']
['YI']
['YI']
['YI']
['YI']
['YI']
['YI']
['YI']
['YI']
['YI']
['YI']
['YI']
['YI']
['YI']
['YI']
['YI']
['YI']
['YI']
['YI']
['YI']
['YI']
['YI']
['YI']
['YI']
['YI']
['YI']
['YI']
['YI']
['YI']
['YI']
['YI']
['YI']
['YI']
['YI']
['YI']
['YI']
['YI']
['YI']
['YI']
Train Epoch: 70999	Train loss: 29.785010112129385	Validation Loss : 147.88836065010494
['YI']
['YI']
['YI']
['YI']
['YI']
['YI']
['YI']
['YI']
['YI']
['YI']
['YI']
['YI']
['YI']
['YI']
['YI']
['YI']
['YI']
['YI']
['YI']
['YI']
['YI']
['YI']
['YI']
['YI']
['YI']
['YI']
['YI']
['YI']
['YI']
['YI']
['YI']
['YI']
['YI']
['YI']
['YI']
['YI']
['YI']
['YI']
['YI']
['YI']
['YI']
['YI']
['YI']
['YI']
['YI']
['YI']
['YI']
['YI']
['YI']
['YI']
Train Epoch: 71999	Train loss: 29.81890372239868	Validation Loss : 148.21037946342543
['YI']
['YI']
['YI']
['YI']
['YI']
['YI']
['YI']
['YI']
['YI']
['YI']
['YI']
['YI']
['YI']
['YI']
['YI']
['YI']
['YI']
['YI']
['YI']
['YI']
['YI']
['YI']
['YI']
['YI']
['YI']
['YI']
['YI']
['YI']
['YI']
['YI']
['YI']
['YI']
['YI']
['YI']
['YI']
['YI']
['YI']
['YI']
['YI']
['YI']
['YI']
['YI']
['YI']
['YI']
['YI']
['YI']
['YI']
['YI']
['YI']
['YI']
Train Epoch: 72999	Train loss: 29.71239728353685	Validation Loss : 147.96247045521838
['YI']
['YI']
['YI']
['YI']
['YI']
['YI']
['YI']
['YI']
['YI']
['YI']
['YI']
['YI']
['YI']
['YI']
['YI']
['YI']
['YI']
['YI']
['YI']
['YI']
['YI']
['YI']
['YI']
['YI']
['YI']
['YI']
['YI']
['YI']
['YI']
['YI']
['YI']
['YI']
['YI']
['YI']
['YI']
['YI']
['YI']
['YI']
['YI']
['YI']
['YI']
['YI']
['YI']
['YI']
['YI']
['YI']
['YI']
['YI']
['YI']
['YI']
Train Epoch: 73999	Train loss: 29.81244031813112	Validation Loss : 147.76414733596016
['YI']
['YI']
['YI']
['YI']
['YI']
['YI']
['YI']
['YI']
['YI']
['YI']
['YI']
['YI']
['YI']
['YI']
['YI']
['YI']
['YI']
['YI']
['YI']
['YI']
['YI']
['YI']
['YI']
['YI']
['YI']
['YI']
['YI']
['YI']
['YI']
['YI']
['YI']
['YI']
['YI']
['YI']
['YI']
['YI']
['YI']
['YI']
['YI']
['YI']
['YI']
['YI']
['YI']
['YI']
['YI']
['YI']
['YI']
['YI']
['YI']
['YI']
Train Epoch: 74999	Train loss: 29.770801373478026	Validation Loss : 147.88827692465733
['YI']
['YI']
['YI']
['YI']
['YI']
['YI']
['YI']
['YI']
['YI']
['YI']
['YI']
['YI']
['YI']
['YI']
['YI']
['YI']
['YI']
['YI']
['YI']
['YI']
['YI']
['YI']
['YI']
['YI']
['YI']
['YI']
['YI']
['YI']
['YI']
['YI']
['YI']
['YI']
['YI']
['YI']
['YI']
['YI']
['YI']
['YI']
['YI']
['YI']
['YI']
['YI']
['YI']
['YI']
['YI']
['YI']
['YI']
['YI']
['YI']
['YI']
Train Epoch: 75999	Train loss: 29.785470279853325	Validation Loss : 147.76046658707426
['YI']
['YI']
['YI']
['YI']
['YI']
['YI']
['YI']
['YI']
['YI']
['YI']
['YI']
['YI']
['YI']
['YI']
['YI']
['YI']
['YI']
['YI']
['YI']
['YI']
['YI']
['YI']
['YI']
['YI']
['YI']
['YI']
['YI']
['YI']
['YI']
['YI']
['YI']
['YI']
['YI']
['YI']
['YI']
['YI']
['YI']
['YI']
['YI']
['YI']
['YI']
['YI']
['YI']
['YI']
['YI']
['YI']
['YI']
['YI']
['YI']
['YI']
Train Epoch: 76999	Train loss: 29.8833782775444	Validation Loss : 147.5738528800803
['YI']
['YI']
['YI']
['YI']
['YI']
['YI']
['YI']
['YI']
['YI']
['YI']
['YI']
['YI']
['YI']
['YI']
['YI']
['YI']
['YI']
['YI']
['YI']
['YI']
['YI']
['YI']
['YI']
['YI']
['YI']
['YI']
['YI']
['YI']
['YI']
['YI']
['YI']
['YI']
['YI']
['YI']
['YI']
['YI']
['YI']
['YI']
['YI']
['YI']
['YI']
['YI']
['YI']
['YI']
['YI']
['YI']
['YI']
['YI']
['YI']
['YI']
Train Epoch: 77999	Train loss: 29.88161760708317	Validation Loss : 148.0363176072335
['YI']
['YI']
['YI']
['YI']
['YI']
['YI']
['YI']
['YI']
['YI']
['YI']
['YI']
['YI']
['YI']
['YI']
['YI']
['YI']
['YI']
['YI']
['YI']
['YI']
['YI']
['YI']
['YI']
['YI']
['YI']
['YI']
['YI']
['YI']
['YI']
['YI']
['YI']
['YI']
['YI']
['YI']
['YI']
['YI']
['YI']
['YI']
['YI']
['YI']
['YI']
['YI']
['YI']
['YI']
['YI']
['YI']
['YI']
['YI']
['YI']
['YI']
Train Epoch: 78999	Train loss: 29.841158158343752	Validation Loss : 147.977040324285
['YI']
['YI']
['YI']
['YI']
['YI']
['YI']
['YI']
['YI']
['YI']
['YI']
['YI']
['YI']
['YI']
['YI']
['YI']
['YI']
['YI']
['YI']
['YI']
['YI']
['YI']
['YI']
['YI']
['YI']
['YI']
['YI']
['YI']
['YI']
['YI']
['YI']
['YI']
['YI']
['YI']
['YI']
['YI']
['YI']
['YI']
['YI']
['YI']
['YI']
['YI']
['YI']
['YI']
['YI']
['YI']
['YI']
['YI']
['YI']
['YI']
['YI']
Train Epoch: 79999	Train loss: 29.792276308924194	Validation Loss : 147.6019111604712
['YI']
Test of the model
Traceback (most recent call last):
  File "/home/cheurte/Documents/data/train.py", line 116, in <module>
    train_fc(config)
  File "/home/cheurte/Documents/data/train.py", line 101, in train_fc
    test_model(config, True)
NameError: name 'test_model' is not defined
