TRAINING PHASE
Train Epoch: 999	Train loss: 86.85964658571174	Validation Loss : 56.25466489472806
Train Epoch: 1999	Train loss: 57.669860519235954	Validation Loss : 69.44982382347112
Train Epoch: 2999	Train loss: 57.431491661351174	Validation Loss : 69.68350147670454
Train Epoch: 3999	Train loss: 57.09880312602036	Validation Loss : 69.38172308757672
Train Epoch: 4999	Train loss: 56.60285420087166	Validation Loss : 68.90722370915577
Train Epoch: 5999	Train loss: 55.862107671098784	Validation Loss : 68.16955297718185
Train Epoch: 6999	Train loss: 54.770143781090155	Validation Loss : 67.0499231243415
Train Epoch: 7999	Train loss: 53.18905819929205	Validation Loss : 65.39862393355372
Train Epoch: 8999	Train loss: 50.95018913806416	Validation Loss : 63.03529350100143
Train Epoch: 9999	Train loss: 47.88175635377411	Validation Loss : 59.78619866367644
Train Epoch: 10999	Train loss: 43.89983597281389	Validation Loss : 55.61752186888049
Train Epoch: 11999	Train loss: 39.19470629945863	Validation Loss : 50.84426074126712
Train Epoch: 12999	Train loss: 34.43878855428193	Validation Loss : 46.32080810419211
Train Epoch: 13999	Train loss: 30.647388344164938	Validation Loss : 43.143507908168154
Train Epoch: 14999	Train loss: 28.32845545304008	Validation Loss : 41.679141587352525
Train Epoch: 15999	Train loss: 27.017944110091776	Validation Loss : 41.29345381861981
Train Epoch: 16999	Train loss: 26.104524086462334	Validation Loss : 41.313364766137596
Train Epoch: 17999	Train loss: 25.325671312515624	Validation Loss : 41.45130126632355
Train Epoch: 18999	Train loss: 24.61587476800196	Validation Loss : 41.61973323008981
Train Epoch: 19999	Train loss: 23.96701587329153	Validation Loss : 41.79153127312723
Train Epoch: 20999	Train loss: 23.385123853222467	Validation Loss : 41.957229820136405
Train Epoch: 21999	Train loss: 22.877908985014074	Validation Loss : 42.11308378621281
Train Epoch: 22999	Train loss: 22.449011811986566	Validation Loss : 42.25765085727565
Train Epoch: 23999	Train loss: 22.09481087559834	Validation Loss : 42.39006515812405
Train Epoch: 24999	Train loss: 21.805266759474762	Validation Loss : 42.50996242996943
Train Epoch: 25999	Train loss: 21.566808570642024	Validation Loss : 42.617434562485556
Train Epoch: 26999	Train loss: 21.365944680408575	Validation Loss : 42.71331188025358
Train Epoch: 27999	Train loss: 21.19156418053899	Validation Loss : 42.79882407398274
Train Epoch: 28999	Train loss: 21.035313700558618	Validation Loss : 42.8753795154812
Train Epoch: 29999	Train loss: 20.891593052074313	Validation Loss : 42.94429222409599
Train Epoch: 30999	Train loss: 20.756647247937508	Validation Loss : 43.00677995668925
Train Epoch: 31999	Train loss: 20.62814423860982	Validation Loss : 43.06386789797024
Train Epoch: 32999	Train loss: 20.50470665737521	Validation Loss : 43.11621737089926
Train Epoch: 33999	Train loss: 20.38534379983321	Validation Loss : 43.164327799897805
Train Epoch: 34999	Train loss: 20.269685068982653	Validation Loss : 43.20860414032153
Train Epoch: 35999	Train loss: 20.157494256389327	Validation Loss : 43.2491633147632
Train Epoch: 36999	Train loss: 20.048616118729115	Validation Loss : 43.28628486426345
Train Epoch: 37999	Train loss: 19.942991801188327	Validation Loss : 43.31996543215662
Train Epoch: 38999	Train loss: 19.840802264399827	Validation Loss : 43.35037325501728
Train Epoch: 39999	Train loss: 19.741971388459206	Validation Loss : 43.37748614630636
Train Epoch: 40999	Train loss: 19.646488485392183	Validation Loss : 43.401499668239396
Train Epoch: 41999	Train loss: 19.554462669300847	Validation Loss : 43.42248487907413
Train Epoch: 42999	Train loss: 19.46582556515932	Validation Loss : 43.440553463095995
Train Epoch: 43999	Train loss: 19.380392825696617	Validation Loss : 43.455814515471324
Train Epoch: 44999	Train loss: 19.298168920329772	Validation Loss : 43.46847719099811
Train Epoch: 45999	Train loss: 19.219013308174908	Validation Loss : 43.47894648573607
Train Epoch: 46999	Train loss: 19.142720099771395	Validation Loss : 43.4870304494545
Train Epoch: 47999	Train loss: 19.06941010488663	Validation Loss : 43.49295087922427
Train Epoch: 48999	Train loss: 18.998856663005427	Validation Loss : 43.49709639924734
Train Epoch: 49999	Train loss: 18.931014656904154	Validation Loss : 43.499535329509854
Train Epoch: 50999	Train loss: 18.86567478638608	Validation Loss : 43.50042009886417
Train Epoch: 51999	Train loss: 18.802669155644253	Validation Loss : 43.499899190449085
Train Epoch: 52999	Train loss: 18.741900391411036	Validation Loss : 43.49835174458481
Train Epoch: 53999	Train loss: 18.683244934189133	Validation Loss : 43.49621558492791
Train Epoch: 54999	Train loss: 18.626740345731378	Validation Loss : 43.49335369793417
Train Epoch: 55999	Train loss: 18.572074079420418	Validation Loss : 43.489762134936164
Train Epoch: 56999	Train loss: 18.519113928312436	Validation Loss : 43.4856095870634
Train Epoch: 57999	Train loss: 18.46777358429972	Validation Loss : 43.481271428749125
Train Epoch: 58999	Train loss: 18.418051398941316	Validation Loss : 43.47708281644684
Train Epoch: 59999	Train loss: 18.369891327922232	Validation Loss : 43.472901327016245
Train Epoch: 60999	Train loss: 18.323141096392646	Validation Loss : 43.46903268575047
Train Epoch: 61999	Train loss: 18.277697588084266	Validation Loss : 43.46546890998777
Train Epoch: 62999	Train loss: 18.23343671031762	Validation Loss : 43.462494262598916
Train Epoch: 63999	Train loss: 18.190243521123193	Validation Loss : 43.46019023805134
Train Epoch: 64999	Train loss: 18.14815638610162	Validation Loss : 43.45866821054812
Train Epoch: 65999	Train loss: 18.10691185190808	Validation Loss : 43.45793464087731
Train Epoch: 66999	Train loss: 18.06646973453462	Validation Loss : 43.458437307609586
Train Epoch: 67999	Train loss: 18.026954798027873	Validation Loss : 43.46030302833257
Train Epoch: 68999	Train loss: 17.988382663810626	Validation Loss : 43.46290959161592
Train Epoch: 69999	Train loss: 17.9506278418703	Validation Loss : 43.46666382237805
Train Epoch: 70999	Train loss: 17.91370313311927	Validation Loss : 43.47146985905713
Train Epoch: 71999	Train loss: 17.877356327604502	Validation Loss : 43.477070018202745
Train Epoch: 72999	Train loss: 17.841567976400256	Validation Loss : 43.4834984520779
Train Epoch: 73999	Train loss: 17.80634918191936	Validation Loss : 43.49085031887957
Train Epoch: 74999	Train loss: 17.771625102031976	Validation Loss : 43.49945036603458
Train Epoch: 75999	Train loss: 17.737435564980842	Validation Loss : 43.50943188480453
Train Epoch: 76999	Train loss: 17.703937516664155	Validation Loss : 43.52025162990807
Train Epoch: 77999	Train loss: 17.670949828461744	Validation Loss : 43.532246329790944
Train Epoch: 78999	Train loss: 17.638405470643193	Validation Loss : 43.545682377124734
Train Epoch: 79999	Train loss: 17.606195356347598	Validation Loss : 43.56049722047994
Test of the model
/home/cheurte/Documents/data/output/fcc4_1/model_fcc4.pt
<bound method Module.parameters of LinearModel(
  (fc1): Linear(in_features=7, out_features=10, bias=True)
  (fc2): Linear(in_features=10, out_features=20, bias=True)
  (fc3): Linear(in_features=20, out_features=20, bias=True)
  (fc4): Linear(in_features=20, out_features=10, bias=True)
  (fc_out): Linear(in_features=10, out_features=1, bias=True)
)>
MSE : 2.6675734519958496	MSE to beat : 2.5921116068626815
MAE : 1.4789533615112305	MAE to beat : 1.472120994471873
time taken : 3328.0956366062164
