TRAINING PHASE
Train Epoch: 999	Train loss: 67.9238196354534	Validation Loss : 58.289616280181974
Train Epoch: 1999	Train loss: 53.244680469902235	Validation Loss : 63.99207128918715
Train Epoch: 2999	Train loss: 51.08037263067672	Validation Loss : 62.46277453007745
Train Epoch: 3999	Train loss: 45.47812733475585	Validation Loss : 57.79081606194833
Train Epoch: 4999	Train loss: 35.88368329362711	Validation Loss : 48.59219275259232
Train Epoch: 5999	Train loss: 28.225367044890298	Validation Loss : 40.038936465432954
Train Epoch: 6999	Train loss: 26.0294900685898	Validation Loss : 37.08683455613477
Train Epoch: 7999	Train loss: 25.442808150872587	Validation Loss : 36.35619537568359
Train Epoch: 8999	Train loss: 25.060428715893067	Validation Loss : 36.07723649060911
Train Epoch: 9999	Train loss: 24.834220207564066	Validation Loss : 35.95852499752382
Train Epoch: 10999	Train loss: 24.63204332346795	Validation Loss : 35.92450415270414
Train Epoch: 11999	Train loss: 24.40529110785574	Validation Loss : 35.937218160386884
Train Epoch: 12999	Train loss: 24.19590951851569	Validation Loss : 35.9686703474075
Train Epoch: 13999	Train loss: 24.112760635807355	Validation Loss : 36.02378823196908
Train Epoch: 14999	Train loss: 23.92913575001585	Validation Loss : 36.08467583274674
Train Epoch: 15999	Train loss: 23.818074339686426	Validation Loss : 36.14835621659045
Train Epoch: 16999	Train loss: 23.72203938611783	Validation Loss : 36.218215091241674
Train Epoch: 17999	Train loss: 23.603619157278445	Validation Loss : 36.286124106785095
Train Epoch: 18999	Train loss: 23.486067608895247	Validation Loss : 36.36306507642346
Train Epoch: 19999	Train loss: 23.381235939572797	Validation Loss : 36.43473277807768
Train Epoch: 20999	Train loss: 23.40658577232971	Validation Loss : 36.50425947411545
Train Epoch: 21999	Train loss: 23.315607305648154	Validation Loss : 36.57186450621249
Train Epoch: 22999	Train loss: 23.2346134600346	Validation Loss : 36.63792701706278
Train Epoch: 23999	Train loss: 23.21183457406878	Validation Loss : 36.70459201963024
Train Epoch: 24999	Train loss: 23.11442660072644	Validation Loss : 36.76863572801992
Train Epoch: 25999	Train loss: 23.131639088192607	Validation Loss : 36.82753390733398
Train Epoch: 26999	Train loss: 23.00200790282106	Validation Loss : 36.88590994062063
Train Epoch: 27999	Train loss: 23.031529488296655	Validation Loss : 36.94181841193671
Train Epoch: 28999	Train loss: 22.985154550446897	Validation Loss : 36.996908498254065
Train Epoch: 29999	Train loss: 22.953201318281934	Validation Loss : 37.04699968961224
Train Epoch: 30999	Train loss: 22.905170763097704	Validation Loss : 37.09469702123474
Train Epoch: 31999	Train loss: 22.87079508973984	Validation Loss : 37.14257291083109
Train Epoch: 32999	Train loss: 22.882113499729893	Validation Loss : 37.187660722702994
Train Epoch: 33999	Train loss: 22.76470967088826	Validation Loss : 37.231426443554675
Train Epoch: 34999	Train loss: 22.736626636958682	Validation Loss : 37.274518225512686
Train Epoch: 35999	Train loss: 22.643814056047994	Validation Loss : 37.3146421791602
Train Epoch: 36999	Train loss: 22.603896317048928	Validation Loss : 37.35399426833972
Train Epoch: 37999	Train loss: 22.623425482498714	Validation Loss : 37.389209541519016
Train Epoch: 38999	Train loss: 22.57686292519211	Validation Loss : 37.42868139843514
Train Epoch: 39999	Train loss: 22.5361489807372	Validation Loss : 37.46124241431861
Train Epoch: 40999	Train loss: 22.5527510130516	Validation Loss : 37.4982532852473
Train Epoch: 41999	Train loss: 22.440102990658488	Validation Loss : 37.534129046285216
Train Epoch: 42999	Train loss: 22.432300111744553	Validation Loss : 37.568257946371254
Train Epoch: 43999	Train loss: 22.35409878367209	Validation Loss : 37.60547829461611
Train Epoch: 44999	Train loss: 22.31385952856217	Validation Loss : 37.638000603647505
Train Epoch: 45999	Train loss: 22.302901008015034	Validation Loss : 37.6658781637982
Train Epoch: 46999	Train loss: 22.24962678652082	Validation Loss : 37.703797613150876
Train Epoch: 47999	Train loss: 22.227868474586284	Validation Loss : 37.73511540661958
Train Epoch: 48999	Train loss: 22.1666520340048	Validation Loss : 37.77081653701427
Train Epoch: 49999	Train loss: 22.10528088567662	Validation Loss : 37.801416125925954
Train Epoch: 50999	Train loss: 22.028150475793517	Validation Loss : 37.83674659468112
Train Epoch: 51999	Train loss: 22.012820021098015	Validation Loss : 37.87146620018421
Train Epoch: 52999	Train loss: 21.973823811596958	Validation Loss : 37.900621640505506
Train Epoch: 53999	Train loss: 21.92411095262505	Validation Loss : 37.93447197494422
Train Epoch: 54999	Train loss: 21.83888456042041	Validation Loss : 37.97065104821202
Train Epoch: 55999	Train loss: 21.85304476992751	Validation Loss : 38.006704222960394
Train Epoch: 56999	Train loss: 21.75811949438066	Validation Loss : 38.0435697594412
Train Epoch: 57999	Train loss: 21.704266372064012	Validation Loss : 38.08413764556242
Train Epoch: 58999	Train loss: 21.632647375832313	Validation Loss : 38.126204846978766
Train Epoch: 59999	Train loss: 21.64484328351973	Validation Loss : 38.16332784755076
Train Epoch: 60999	Train loss: 21.566358034510632	Validation Loss : 38.2080861627417
Train Epoch: 61999	Train loss: 21.493316806515214	Validation Loss : 38.25074534991118
Train Epoch: 62999	Train loss: 21.471649803969193	Validation Loss : 38.29620552071854
Train Epoch: 63999	Train loss: 21.410801638819976	Validation Loss : 38.337719769558085
Train Epoch: 64999	Train loss: 21.305363079474773	Validation Loss : 38.38505302561776
Train Epoch: 65999	Train loss: 21.259104444127296	Validation Loss : 38.43231522942848
Train Epoch: 66999	Train loss: 21.31407685470767	Validation Loss : 38.48591306735436
Train Epoch: 67999	Train loss: 21.15485705527244	Validation Loss : 38.53130939673161
Train Epoch: 68999	Train loss: 21.134304029139457	Validation Loss : 38.58054614684577
Train Epoch: 69999	Train loss: 21.0919994816446	Validation Loss : 38.63030326492988
Train Epoch: 70999	Train loss: 21.046855638974375	Validation Loss : 38.68694076142741
Train Epoch: 71999	Train loss: 21.00348003590043	Validation Loss : 38.74125467068561
Train Epoch: 72999	Train loss: 20.954303019223154	Validation Loss : 38.79491056118576
Train Epoch: 73999	Train loss: 20.960689337202346	Validation Loss : 38.85151636922053
Train Epoch: 74999	Train loss: 20.85918422868708	Validation Loss : 38.90941707480287
Train Epoch: 75999	Train loss: 20.776714859780622	Validation Loss : 38.9631207742595
Train Epoch: 76999	Train loss: 20.795941793429666	Validation Loss : 39.027876224674785
Train Epoch: 77999	Train loss: 20.67673144332948	Validation Loss : 39.08477865019047
Train Epoch: 78999	Train loss: 20.68124488009198	Validation Loss : 39.152999415727926
Train Epoch: 79999	Train loss: 20.57580893760896	Validation Loss : 39.20764934816045
Test of the model
/home/cheurte/Documents/data/output/fc_2/model_fc2.pt
<bound method Module.parameters of linearModel(
  (fc1): Linear(in_features=2, out_features=16, bias=True)
  (fc2): Linear(in_features=16, out_features=16, bias=True)
  (fc3): Linear(in_features=16, out_features=16, bias=True)
  (fc_out): Linear(in_features=16, out_features=1, bias=True)
)>
MSE : 2.7494754791259766	MSE to beat : 2.8002202243573144
MAE : 1.5348116159439087	MAE to beat : 1.550368748633552
time taken : 3004.32190489769
